[debug] [2022-06-03T04:11:51.096Z] ----------------------------------------------------------------------
[debug] [2022-06-03T04:11:51.098Z] Command:       /usr/local/bin/firebase /home/maryam/.cache/firebase/tools/lib/node_modules/firebase-tools/lib/bin/firebase projects:list --json
[debug] [2022-06-03T04:11:51.099Z] CLI Version:   10.9.2
[debug] [2022-06-03T04:11:51.099Z] Platform:      linux
[debug] [2022-06-03T04:11:51.099Z] Node Version:  v12.18.1
[debug] [2022-06-03T04:11:51.099Z] Time:          Fri Jun 03 2022 08:41:51 GMT+0430 (Iran Daylight Time)
[debug] [2022-06-03T04:11:51.099Z] ----------------------------------------------------------------------
[debug] 
[debug] [2022-06-03T04:11:51.109Z] > command requires scopes: ["email","openid","https://www.googleapis.com/auth/cloudplatformprojects.readonly","https://www.googleapis.com/auth/firebase","https://www.googleapis.com/auth/cloud-platform"]
[debug] [2022-06-03T04:11:51.109Z] > authorizing via signed-in user (test45644564@gmail.com)
[debug] [2022-06-03T04:11:51.112Z] > refreshing access token with scopes: []
[debug] [2022-06-03T04:11:51.113Z] >>> HTTP REQUEST POST https://www.googleapis.com/oauth2/v3/token  
 <request body omitted>
[debug] [2022-06-03T04:14:00.811Z] Authentication Error: Your credentials are no longer valid. Please run firebase login --reauth

For CI servers and headless environments, generate a new token with firebase login:ci
[debug] [2022-06-03T04:14:01.605Z] FirebaseError: Authentication Error: Your credentials are no longer valid. Please run firebase login --reauth

For CI servers and headless environments, generate a new token with firebase login:ci
    at invalidCredentialError (/home/maryam/.cache/firebase/tools/lib/node_modules/firebase-tools/lib/auth.js:145:12)
    at refreshTokens (/home/maryam/.cache/firebase/tools/lib/node_modules/firebase-tools/lib/auth.js:485:15)
    at processTicksAndRejections (internal/process/task_queues.js:97:5)
[error] 
[error] Error: Failed to list Firebase projects. See firebase-debug.log for more info.
